
#################################
[Mon Apr 03 00:57:01 2017 ]
--	SIGSEGV
	backtrace:

[END OF LOG]
#################################

#################################
[Mon Apr 03 00:57:50 2017 ]
--	SIGSEGV
backtrace:

[END OF LOG]
#################################

#################################
[Mon Apr 03 01:16:09 2017 ]
--	SIGSEGV
backtrace:

[END OF LOG]
#################################

#################################
[Mon Apr 03 01:17:35 2017 ]
--	SIGSEGV
backtrace:

[END OF LOG]
#################################

#################################
[Mon Apr 03 01:18:01 2017 ]
--	SIGSEGV
backtrace:

[END OF LOG]
#################################

#################################
[Mon Apr 03 01:18:24 2017 ]
--	SIGSEGV
backtrace:

[END OF LOG]
#################################

#################################
[Sat Apr 08 18:59:09 2017 ]
--	SIGSEGV
backtrace:

[END OF LOG]
#################################

#################################
[Sat Apr 08 20:11:31 2017 ]
--	SIGSEGV
backtrace:

[END OF LOG]
#################################

#################################
[Sat Apr 08 20:13:03 2017 ]
--	SIGSEGV
backtrace:

[END OF LOG]
#################################

#################################
[Sat Apr 08 20:13:25 2017 ]
--	SIGSEGV
backtrace:

[END OF LOG]
#################################

#################################
[Sun Apr 09 04:40:23 2017 ]
--	SIGSEGV
backtrace:

[END OF LOG]
#################################

#################################
[Sun Apr 09 04:49:49 2017 ]
--	SIGSEGV
backtrace:

[END OF LOG]
#################################

#################################
[Mon Apr 10 00:01:14 2017 ]
--	SIGSEGV
backtrace:

[END OF LOG]
#################################

#################################
[Mon Apr 10 00:20:53 2017 ]
--	SIGSEGV
backtrace:

[END OF LOG]
#################################

#################################
[Mon Apr 10 00:25:54 2017 ]
--	SIGSEGV
backtrace:

[END OF LOG]
#################################

#################################
[Mon Apr 10 00:30:04 2017 ]
--	SIGSEGV
backtrace:

[END OF LOG]
#################################

#################################
[Mon Apr 10 00:51:02 2017 ]
--	SIGSEGV
backtrace:

[END OF LOG]
#################################

#################################
[Mon Apr 10 00:51:48 2017 ]
--	SIGSEGV
backtrace:

[END OF LOG]
#################################

#################################
[Mon Apr 10 00:52:14 2017 ]
--	SIGSEGV
backtrace:

[END OF LOG]
#################################

#################################
[Mon Apr 10 00:53:52 2017 ]
--	SIGSEGV
backtrace:

[END OF LOG]
#################################

#################################
[Mon Apr 10 00:54:46 2017 ]
--	SIGSEGV
backtrace:

[END OF LOG]
#################################

#################################
[Mon Apr 10 00:55:34 2017 ]
--	SIGSEGV
backtrace:

[END OF LOG]
#################################

#################################
[Mon Apr 10 01:05:15 2017 ]
--	SIGSEGV
backtrace:

[END OF LOG]
#################################

#################################
[Mon Apr 10 01:05:52 2017 ]
--	SIGSEGV
backtrace:

[END OF LOG]
#################################

#################################
[Mon Apr 10 01:06:48 2017 ]
--	SIGSEGV
backtrace:

[END OF LOG]
#################################

#################################
[Mon Apr 10 01:09:46 2017 ]
--	SIGSEGV
backtrace:

[END OF LOG]
#################################

#################################
[Mon Apr 10 01:13:46 2017 ]
--	SIGSEGV
backtrace:

[END OF LOG]
#################################

#################################
[Mon Apr 10 01:14:19 2017 ]
--	SIGSEGV
backtrace:

[END OF LOG]
#################################

#################################
[Mon Apr 10 01:18:39 2017 ]
--	SIGSEGV
backtrace:

[END OF LOG]
#################################

#################################
[Mon Apr 10 01:22:26 2017 ]
--	SIGSEGV
backtrace:

[END OF LOG]
#################################

#################################
[Mon Apr 10 01:23:31 2017 ]
--	SIGSEGV
backtrace:

[END OF LOG]
#################################

#################################
[Mon Apr 10 02:22:09 2017 ]
--	SIGSEGV
backtrace:

[END OF LOG]
#################################

#################################
[Mon Apr 10 02:24:06 2017 ]
--	SIGSEGV
backtrace:

[END OF LOG]
#################################

#################################
[Tue Apr 11 18:29:13 2017 ]
--	SIGSEGV
backtrace:

[END OF LOG]
#################################

#################################
[Tue Apr 11 18:32:53 2017 ]
--	SIGSEGV
backtrace:

[END OF LOG]
#################################

#################################
[Tue Apr 11 19:26:21 2017 ]
--	SIGSEGV
backtrace:

[END OF LOG]
#################################

#################################
[Tue Apr 11 19:28:35 2017 ]
--	SIGSEGV
backtrace:

[END OF LOG]
#################################

#################################
[Tue Apr 11 19:36:59 2017 ]
--	SIGSEGV
backtrace:

[END OF LOG]
#################################

#################################
[Fri Apr 14 10:48:36 2017 ]
--	SIGSEGV
backtrace:

[END OF LOG]
#################################

